    0.3467027462E-22    0.4045631635E-07                 NaN                 NaN                 NaN                 NaN
    0.3699022385E-22    0.4133927882E-07                 NaN                 NaN                 NaN                 NaN
    0.3931017308E-22    0.4218605307E-07                 NaN                 NaN                 NaN                 NaN
    0.4163012231E-22    0.4300013361E-07                 NaN                 NaN                 NaN                 NaN
    0.4395007154E-22    0.4378450439E-07                 NaN                 NaN                 NaN                 NaN
    0.4627002077E-22    0.4454173614E-07                 NaN                 NaN                 NaN                 NaN
    0.4858997000E-22    0.4527406114E-07                 NaN                 NaN                 NaN                 NaN
    0.5090991923E-22    0.4598343166E-07                 NaN                 NaN                 NaN                 NaN
    0.5322986846E-22    0.4667156605E-07                 NaN                 NaN                 NaN                 NaN
    0.5554981769E-22    0.4733998566E-07                 NaN                 NaN                 NaN                 NaN
    0.5786976692E-22    0.4799004463E-07                 NaN                 NaN                 NaN                 NaN
    0.6018971615E-22    0.4862295412E-07                 NaN                 NaN                 NaN                 NaN
    0.6250966538E-22    0.4923980232E-07                 NaN                 NaN                 NaN                 NaN
    0.6482961462E-22    0.4984157099E-07                 NaN                 NaN                 NaN                 NaN
    0.6714956385E-22    0.5042914923E-07                 NaN                 NaN                 NaN                 NaN
    0.6946951308E-22    0.5100334514E-07                 NaN                 NaN                 NaN                 NaN
    0.7178946231E-22    0.5156489561E-07                 NaN                 NaN                 NaN                 NaN
    0.7410941154E-22    0.5211447467E-07                 NaN                 NaN                 NaN                 NaN
    0.7642936077E-22    0.5265270065E-07                 NaN                 NaN                 NaN                 NaN
    0.7874931000E-22    0.5318014230E-07                 NaN                 NaN                 NaN                 NaN
    0.8106925923E-22    0.5369732413E-07                 NaN                 NaN                 NaN                 NaN
    0.8338920846E-22    0.5420473096E-07                 NaN                 NaN                 NaN                 NaN
    0.8570915769E-22    0.5470281199E-07                 NaN                 NaN                 NaN                 NaN
    0.8802910692E-22    0.5519198425E-07                 NaN                 NaN                 NaN                 NaN
    0.9034905615E-22    0.5567263572E-07                 NaN                 NaN                 NaN                 NaN
    0.9266900538E-22    0.5614512805E-07                 NaN                 NaN                 NaN                 NaN
    0.9498895462E-22    0.5660979890E-07                 NaN                 NaN                 NaN                 NaN
    0.9730890385E-22    0.5706696415E-07                 NaN                 NaN                 NaN                 NaN
    0.9962885308E-22    0.5751691972E-07                 NaN                 NaN                 NaN                 NaN
    0.1019488023E-21    0.5795994332E-07                 NaN                 NaN                 NaN                 NaN
    0.1042687515E-21    0.5839629591E-07                 NaN                 NaN                 NaN                 NaN
    0.1065887008E-21    0.5882622308E-07                 NaN                 NaN                 NaN                 NaN
    0.1089086500E-21    0.5924995629E-07                 NaN                 NaN                 NaN                 NaN
    0.1112285992E-21    0.5966771390E-07                 NaN                 NaN                 NaN                 NaN
    0.1135485485E-21    0.6007970225E-07                 NaN                 NaN                 NaN                 NaN
    0.1158684977E-21    0.6048611647E-07                 NaN                 NaN                 NaN                 NaN
    0.1181884469E-21    0.6088714138E-07                 NaN                 NaN                 NaN                 NaN
    0.1205083962E-21    0.6128295216E-07                 NaN                 NaN                 NaN                 NaN
    0.1228283454E-21    0.6167371505E-07                 NaN                 NaN                 NaN                 NaN
    0.1251482946E-21    0.6205958799E-07                 NaN                 NaN                 NaN                 NaN
    0.1274682438E-21    0.6244072115E-07                 NaN                 NaN                 NaN                 NaN
    0.1297881931E-21    0.6281725744E-07                 NaN                 NaN                 NaN                 NaN
    0.1321081423E-21    0.6318933301E-07                 NaN                 NaN                 NaN                 NaN
    0.1344280915E-21    0.6355707768E-07                 NaN                 NaN                 NaN                 NaN
    0.1367480408E-21    0.6392061532E-07                 NaN                 NaN                 NaN                 NaN
    0.1390679900E-21    0.6428006421E-07                 NaN                 NaN                 NaN                 NaN
    0.1413879392E-21    0.6463553743E-07                 NaN                 NaN                 NaN                 NaN
    0.1437078885E-21    0.6498714311E-07                 NaN                 NaN                 NaN                 NaN
    0.1460278377E-21    0.6533498477E-07                 NaN                 NaN                 NaN                 NaN
    0.1483477869E-21    0.6567916155E-07                 NaN                 NaN                 NaN                 NaN
    0.1506677362E-21    0.6601976848E-07                 NaN                 NaN                 NaN                 NaN
    0.1529876854E-21    0.6635689672E-07                 NaN                 NaN                 NaN                 NaN
    0.1553076346E-21    0.6669063375E-07                 NaN                 NaN                 NaN                 NaN
    0.1576275838E-21    0.6702106359E-07                 NaN                 NaN                 NaN                 NaN
    0.1599475331E-21    0.6734826697E-07                 NaN                 NaN                 NaN                 NaN
    0.1622674823E-21    0.6767232152E-07                 NaN                 NaN                 NaN                 NaN
    0.1645874315E-21    0.6799330191E-07                 NaN                 NaN                 NaN                 NaN
    0.1669073808E-21    0.6831128004E-07                 NaN                 NaN                 NaN                 NaN
    0.1692273300E-21    0.6862632513E-07                 NaN                 NaN                 NaN                 NaN
    0.1715472792E-21    0.6893850391E-07                 NaN                 NaN                 NaN                 NaN
    0.1738672285E-21    0.6924788069E-07                 NaN                 NaN                 NaN                 NaN
    0.1761871777E-21    0.6955451751E-07                 NaN                 NaN                 NaN                 NaN
    0.1785071269E-21    0.6985847424E-07                 NaN                 NaN                 NaN                 NaN
    0.1808270762E-21    0.7015980868E-07                 NaN                 NaN                 NaN                 NaN
    0.1831470254E-21    0.7045857668E-07                 NaN                 NaN                 NaN                 NaN
