    0.9999999747E-04    0.2695582822E+00    0.2695582754E-04
    0.3263257675E-03    0.2695336145E+00    0.8795576362E-04
    0.6122335522E-03    0.2695024561E+00    0.1649984460E-03
    0.9734087790E-03    0.2694631001E+00    0.2622977473E-03
    0.1429666186E-02    0.2694133916E+00    0.3851712161E-03
    0.2006036895E-02    0.2693506101E+00    0.5403272615E-03
    0.2734141664E-02    0.2692713217E+00    0.7362259397E-03
    0.3653925662E-02    0.2691711935E+00    0.9835315313E-03
    0.4815849932E-02    0.2690447589E+00    0.1295679184E-02
    0.6283659780E-02    0.2688851243E+00    0.1689582641E-02
    0.8137881957E-02    0.2686836001E+00    0.2186515421E-02
    0.1048024251E-01    0.2684292390E+00    0.2813203520E-02
    0.1343924764E-01    0.2681082595E+00    0.3603173293E-02
    0.1717723383E-01    0.2677033283E+00    0.4598402667E-02
    0.2189927388E-01    0.2671926700E+00    0.5851325459E-02
    0.2786442760E-01    0.2665489693E+00    0.7427234456E-02
    0.3539995432E-01    0.2657380257E+00    0.9407113970E-02
    0.4491926690E-01    0.2647171209E+00    0.1189089901E-01
    0.5694461236E-01    0.2634330600E+00    0.1500109348E-01
    0.7213572329E-01    0.2618198602E+00    0.1888656499E-01
    0.9132601203E-01    0.2597960877E+00    0.2372614063E-01
    0.1155682931E+00    0.2572618885E+00    0.2973131734E-01
    0.1461925428E+00    0.2540958496E+00    0.3714691837E-01
    0.1848788638E+00    0.2501519659E+00    0.4624781122E-01
    0.2337496588E+00    0.2452572124E+00    0.5732878971E-01
    0.2954860698E+00    0.2392105570E+00    0.7068338732E-01
    0.3734750698E+00    0.2317847198E+00    0.8656581442E-01
    0.4719952791E+00    0.2227326093E+00    0.1051287401E+00
    0.5964516978E+00    0.2118010876E+00    0.1263291183E+00
    0.7536722341E+00    0.1987553857E+00    0.1497964156E+00
    0.9522822963E+00    0.1834177106E+00    0.1746654386E+00
    0.1203177998E+01    0.1657226320E+00    0.1993938246E+00
    0.1520123939E+01    0.1457885395E+00    0.2216166490E+00
    0.1920508359E+01    0.1239973583E+00    0.2381379631E+00
    0.2426297082E+01    0.1010628583E+00    0.2452085182E+00
    0.3065238611E+01    0.7805270199E-01    0.2392501558E+00
    0.3872386453E+01    0.5631781920E-01    0.2180843601E+00
    0.4892022226E+01    0.3728971000E-01    0.1824220901E+00
    0.6180085026E+01    0.2215103814E-01    0.1368952991E+00
    0.7807240351E+01    0.1147232908E-01    0.8956723053E-01
    0.9862756936E+01    0.4996721923E-02    0.4928145380E-01
    0.1245940421E+02    0.1748604358E-02    0.2178656849E-01
    0.1573963902E+02    0.4641454238E-03    0.7305481423E-02
    0.1988342109E+02    0.8689009129E-04    0.1727672274E-02
    0.2511808593E+02    0.1046448895E-04    0.2628479327E-03
    0.3173081691E+02    0.7218808375E-06    0.2290586868E-04
    0.4008440060E+02    0.2463226066E-07    0.9873694042E-06
    0.5063713001E+02    0.3454252680E-09    0.1749134421E-07
    0.6396794730E+02    0.1575243794E-11    0.1007651120E-09
    0.8080820564E+02    0.1738014423E-14    0.1404458269E-12
    0.1020817926E+03    0.0000000000E+00    0.0000000000E+00
    0.1289558164E+03    0.0000000000E+00    0.0000000000E+00
    0.1629046355E+03    0.0000000000E+00    0.0000000000E+00
    0.2057907445E+03    0.0000000000E+00    0.0000000000E+00
    0.2599669543E+03    0.0000000000E+00    0.0000000000E+00
    0.3284054717E+03    0.0000000000E+00    0.0000000000E+00
    0.4148609597E+03    0.0000000000E+00    0.0000000000E+00
    0.5240765256E+03    0.0000000000E+00    0.0000000000E+00
    0.6620439364E+03    0.0000000000E+00    0.0000000000E+00
    0.8363323384E+03    0.0000000000E+00    0.0000000000E+00
    0.1056503514E+04    0.0000000000E+00    0.0000000000E+00
    0.1334636460E+04    0.0000000000E+00    0.0000000000E+00
    0.1685990061E+04    0.0000000000E+00    0.0000000000E+00
    0.2129840224E+04    0.0000000000E+00    0.0000000000E+00
    0.2690537385E+04    0.0000000000E+00    0.0000000000E+00
    0.3398842423E+04    0.0000000000E+00    0.0000000000E+00
    0.4293614256E+04    0.0000000000E+00    0.0000000000E+00
    0.5423941716E+04    0.0000000000E+00    0.0000000000E+00
    0.6851836649E+04    0.0000000000E+00    0.0000000000E+00
    0.8655635999E+04    0.0000000000E+00    0.0000000000E+00
    0.1093429952E+05    0.0000000000E+00    0.0000000000E+00
    0.1381283889E+05    0.0000000000E+00    0.0000000000E+00
    0.1744917608E+05    0.0000000000E+00    0.0000000000E+00
    0.2204280724E+05    0.0000000000E+00    0.0000000000E+00
    0.2784574744E+05    0.0000000000E+00    0.0000000000E+00
    0.3517635667E+05    0.0000000000E+00    0.0000000000E+00
    0.4443680563E+05    0.0000000000E+00    0.0000000000E+00
    0.5613513963E+05    0.0000000000E+00    0.0000000000E+00
    0.7091315080E+05    0.0000000000E+00    0.0000000000E+00
    0.8958158804E+05    0.0000000000E+00    0.0000000000E+00
