    0.4375531657E-04    0.4628062321E-08
    0.1446361893E-03    0.2266209460E-08
    0.2763437572E-03    0.1317490343E-08
    0.4482978945E-03    0.8877562818E-09
    0.6727969557E-03    0.6488038367E-09
    0.9658973677E-03    0.4796815522E-09
    0.1348562003E-02    0.3320324280E-09
    0.1848159470E-02    0.2003552372E-09
    0.2500421545E-02    0.9651243239E-10
    0.3351998748E-02    0.3341374326E-10
    0.4463796846E-02    0.2014718770E-10
    0.5915332895E-02    0.2061898297E-10
    0.7810422396E-02    0.2293829047E-10
    0.1028460429E-01    0.2624060447E-10
    0.1351483488E-01    0.3290814218E-10
    0.1773214389E-01    0.4231430545E-10
    0.2323815805E-01    0.6430628831E-10
    0.3042667371E-01    0.1127740983E-09
    0.3981182165E-01    0.2057054788E-09
    0.5206483826E-01    0.4472890530E-09
    0.6806207315E-01    0.1249283637E-08
    0.8894766667E-01    0.5200989520E-08
    0.1162153801E+00    0.4069552908E-07
    0.1518154311E+00    0.6857228153E-06
    0.1982939757E+00    0.1707641660E-04
    0.2589752119E+00    0.3862127030E-03
    0.3381991303E+00    0.6451807544E-02
    0.4416319153E+00    0.7503006512E-01
    0.5766711967E+00    0.5686784541E+00
    0.7529751366E+00    0.1283867674E+01
    0.9831531923E+00    0.1281592563E+01
    0.1283667959E+01    0.7536576919E+00
    0.1676012592E+01    0.1275724963E+00
    0.2188248024E+01    0.1033285248E-19
    0.2857009912E+01    0.7834653616E-39
    0.3730128863E+01    0.5669273248E-41
    0.4870051333E+01    0.2618365218E-44
    0.6358305866E+01    0.1042330691E-44
    0.8301334110E+01    0.0000000000E+00
    0.1083810364E+02    0.0000000000E+00
    0.1415004709E+02    0.0000000000E+00
    0.1847403840E+02    0.0000000000E+00
    0.2411933431E+02    0.0000000000E+00
    0.3148969278E+02    0.0000000000E+00
    0.4111225019E+02    0.0000000000E+00
    0.5367522273E+02    0.0000000000E+00
    0.7007712839E+02    0.0000000000E+00
    0.9149105004E+02    0.0000000000E+00
    0.1194485356E+03    0.0000000000E+00
    0.1559491360E+03    0.0000000000E+00
    0.2036034155E+03    0.0000000000E+00
    0.2658196621E+03    0.0000000000E+00
    0.3470476522E+03    0.0000000000E+00
    0.4530969035E+03    0.0000000000E+00
    0.5915521783E+03    0.0000000000E+00
